c:\users\mohni\desktop\lightrec\build\_deps\libvpl-build\libvpl\vpl.dir\release\mfx_config_interface_string_api.obj
c:\users\mohni\desktop\lightrec\build\_deps\libvpl-build\libvpl\vpl.dir\release\mfx_config_interface.obj
c:\users\mohni\desktop\lightrec\build\_deps\libvpl-build\libvpl\vpl.dir\release\mfx_dispatcher_vpl_msdk.obj
c:\users\mohni\desktop\lightrec\build\_deps\libvpl-build\libvpl\vpl.dir\release\mfx_dispatcher_vpl_log.obj
c:\users\mohni\desktop\lightrec\build\_deps\libvpl-build\libvpl\vpl.dir\release\mfx_dispatcher_vpl_lowlatency.obj
c:\users\mohni\desktop\lightrec\build\_deps\libvpl-build\libvpl\vpl.dir\release\mfx_dispatcher_vpl_config.obj
c:\users\mohni\desktop\lightrec\build\_deps\libvpl-build\libvpl\vpl.dir\release\mfx_dispatcher_vpl_loader.obj
c:\users\mohni\desktop\lightrec\build\_deps\libvpl-build\libvpl\vpl.dir\release\mfx_dispatcher_vpl.obj
c:\users\mohni\desktop\lightrec\build\_deps\libvpl-build\libvpl\vpl.dir\release\mfx_win_reg_key.obj
c:\users\mohni\desktop\lightrec\build\_deps\libvpl-build\libvpl\vpl.dir\release\mfx_load_dll.obj
c:\users\mohni\desktop\lightrec\build\_deps\libvpl-build\libvpl\vpl.dir\release\mfx_library_iterator.obj
c:\users\mohni\desktop\lightrec\build\_deps\libvpl-build\libvpl\vpl.dir\release\mfx_function_table.obj
c:\users\mohni\desktop\lightrec\build\_deps\libvpl-build\libvpl\vpl.dir\release\mfx_dxva2_device.obj
c:\users\mohni\desktop\lightrec\build\_deps\libvpl-build\libvpl\vpl.dir\release\mfx_driver_store_loader.obj
c:\users\mohni\desktop\lightrec\build\_deps\libvpl-build\libvpl\vpl.dir\release\mfx_dispatcher_log.obj
c:\users\mohni\desktop\lightrec\build\_deps\libvpl-build\libvpl\vpl.dir\release\mfx_dispatcher.obj
c:\users\mohni\desktop\lightrec\build\_deps\libvpl-build\libvpl\vpl.dir\release\mfx_critical_section.obj
c:\users\mohni\desktop\lightrec\build\_deps\libvpl-build\libvpl\vpl.dir\release\main.obj
c:\users\mohni\desktop\lightrec\build\_deps\libvpl-build\libvpl\cmakefiles\generate.stamp
c:\users\mohni\desktop\lightrec\build\_deps\libvpl-build\release\vpl.lib
c:\users\mohni\desktop\lightrec\build\_deps\libvpl-build\libvpl\vpl.dir\release\vpl.tlog\cl.command.1.tlog
c:\users\mohni\desktop\lightrec\build\_deps\libvpl-build\libvpl\vpl.dir\release\vpl.tlog\cl.items.tlog
c:\users\mohni\desktop\lightrec\build\_deps\libvpl-build\libvpl\vpl.dir\release\vpl.tlog\cl.read.1.tlog
c:\users\mohni\desktop\lightrec\build\_deps\libvpl-build\libvpl\vpl.dir\release\vpl.tlog\cl.write.1.tlog
c:\users\mohni\desktop\lightrec\build\_deps\libvpl-build\libvpl\vpl.dir\release\vpl.tlog\custombuild.command.1.tlog
c:\users\mohni\desktop\lightrec\build\_deps\libvpl-build\libvpl\vpl.dir\release\vpl.tlog\custombuild.read.1.tlog
c:\users\mohni\desktop\lightrec\build\_deps\libvpl-build\libvpl\vpl.dir\release\vpl.tlog\custombuild.write.1.tlog
c:\users\mohni\desktop\lightrec\build\_deps\libvpl-build\libvpl\vpl.dir\release\vpl.tlog\lib-link.read.1.tlog
c:\users\mohni\desktop\lightrec\build\_deps\libvpl-build\libvpl\vpl.dir\release\vpl.tlog\lib-link.write.1.tlog
c:\users\mohni\desktop\lightrec\build\_deps\libvpl-build\libvpl\vpl.dir\release\vpl.tlog\lib.command.1.tlog
