c:\users\mohni\desktop\lightrec\build\lightrec.dir\release\exporter.obj
c:\users\mohni\desktop\lightrec\build\lightrec.dir\release\qsvencoder.obj
c:\users\mohni\desktop\lightrec\build\lightrec.dir\release\nvencencoder.obj
c:\users\mohni\desktop\lightrec\build\lightrec.dir\release\mftencoder.obj
c:\users\mohni\desktop\lightrec\build\lightrec.dir\release\encoderfactory.obj
c:\users\mohni\desktop\lightrec\build\lightrec.dir\release\amfencoder.obj
c:\users\mohni\desktop\lightrec\build\lightrec.dir\release\pipeline.obj
c:\users\mohni\desktop\lightrec\build\lightrec.dir\release\d3d11device.obj
c:\users\mohni\desktop\lightrec\build\lightrec.dir\release\application.obj
c:\users\mohni\desktop\lightrec\build\lightrec.dir\release\main.obj
c:\users\mohni\desktop\lightrec\build\rgbtonv12.cso
c:\users\mohni\desktop\lightrec\build\cmakefiles\generate.stamp
c:\users\mohni\desktop\lightrec\build\lightrec.dir\release\audioclipbuffer.obj
c:\users\mohni\desktop\lightrec\build\lightrec.dir\release\audioencoder.obj
c:\users\mohni\desktop\lightrec\build\lightrec.dir\release\capturefactory.obj
c:\users\mohni\desktop\lightrec\build\lightrec.dir\release\config.obj
c:\users\mohni\desktop\lightrec\build\lightrec.dir\release\dxgicapture.obj
c:\users\mohni\desktop\lightrec\build\lightrec.dir\release\gpuconverter.obj
c:\users\mohni\desktop\lightrec\build\lightrec.dir\release\hotkeymanager.obj
c:\users\mohni\desktop\lightrec\build\lightrec.dir\release\log.obj
c:\users\mohni\desktop\lightrec\build\lightrec.dir\release\mp4muxer.obj
c:\users\mohni\desktop\lightrec\build\lightrec.dir\release\overlaywindow.obj
c:\users\mohni\desktop\lightrec\build\lightrec.dir\release\ringbuffer.obj
c:\users\mohni\desktop\lightrec\build\lightrec.dir\release\settingsdialog.obj
c:\users\mohni\desktop\lightrec\build\lightrec.dir\release\texturepool.obj
c:\users\mohni\desktop\lightrec\build\lightrec.dir\release\trayicon.obj
c:\users\mohni\desktop\lightrec\build\lightrec.dir\release\uiconfig.obj
c:\users\mohni\desktop\lightrec\build\lightrec.dir\release\wasapicapture.obj
c:\users\mohni\desktop\lightrec\build\lightrec.dir\release\wgccapture.obj
c:\users\mohni\desktop\lightrec\build\lightrec.dir\release\lightrec.tlog\cl.command.1.tlog
c:\users\mohni\desktop\lightrec\build\lightrec.dir\release\lightrec.tlog\cl.read.1.tlog
c:\users\mohni\desktop\lightrec\build\lightrec.dir\release\lightrec.tlog\cl.write.1.tlog
c:\users\mohni\desktop\lightrec\build\lightrec.dir\release\lightrec.tlog\custombuild.command.1.tlog
c:\users\mohni\desktop\lightrec\build\lightrec.dir\release\lightrec.tlog\custombuild.read.1.tlog
c:\users\mohni\desktop\lightrec\build\lightrec.dir\release\lightrec.tlog\custombuild.write.1.tlog
c:\users\mohni\desktop\lightrec\build\lightrec.dir\release\lightrec.tlog\link-cvtres.read.1.tlog
c:\users\mohni\desktop\lightrec\build\lightrec.dir\release\lightrec.tlog\link-cvtres.write.1.tlog
c:\users\mohni\desktop\lightrec\build\lightrec.dir\release\lightrec.tlog\link-rc.read.1.tlog
c:\users\mohni\desktop\lightrec\build\lightrec.dir\release\lightrec.tlog\link-rc.write.1.tlog
c:\users\mohni\desktop\lightrec\build\lightrec.dir\release\lightrec.tlog\link.command.1.tlog
c:\users\mohni\desktop\lightrec\build\lightrec.dir\release\lightrec.tlog\link.read.1.tlog
c:\users\mohni\desktop\lightrec\build\lightrec.dir\release\lightrec.tlog\link.write.1.tlog
